Looking up symbol: clock_time_get
Looking up symbol: fd_close
Looking up symbol: fd_fdstat_get
Looking up symbol: fd_seek
Looking up symbol: fd_write
Looking up symbol: proc_exit
Looking up symbol: sched_yield
Looking up symbol: thread-spawn
WASM_ENABLE_MULTI_MODULE: 0
memories_instantiate，L433memory_idx: 0 is shared memory: 1
実行されたL445
memory_count: 0 import_memory_count: 1
execute_post_instantiate_functions: 0

 WASM_ENABLE_DEBUG_INTERP: 0
signal init: 130179725493824
線形メモリ：memory_data: 0x7663d4000000, memory_end: 0x7663d4020000

 WASM_ENABLE_DEBUG_INTERP: 0
線形メモリ：memory_data: 0x7663d4000000, memory_end: 0x7663d4020000
wasmアプリ： mutexのポインタ：0x14e4
thread_spawn_wrapper start_arg=138108
WASM_ENABLE_MULTI_MODULE: 0
memories_instantiate，L433memory_idx: 0 is shared memory: 1
独立メモリとしてインスタンス化しません
実行されたL445
memory_count: 0 import_memory_count: 1
execute_post_instantiate_functions: 1

 WASM_ENABLE_DEBUG_INTERP: 0
線形メモリ：memory_data: 0x7663d4000000, memory_end: 0x7663d4030000

 WASM_ENABLE_DEBUG_INTERP: 0
線形メモリ：memory_data: 0x7663d4000000, memory_end: 0x7663d4030000
thread1 lock i=0
thread1 done i=0 sink=1999993
thread1 unlock i=0
thread2 lock i=0
thread2 done i=0 sink=4024985
thread2 unlock i=0
thread1 lock i=1
thread1 unlock i=1
thread2 lock i=1
thread2 unlock i=1
thread1 lock i=2
thread1 unlock i=2
thread2 lock i=2
thread2 unlock i=2
thread1 lock i=3
thread1 unlock i=3
thread2 lock i=3
thread2 unlock i=3
thread1 lock i=4
thread1 unlock i=4
thread2 lock i=4
thread2 unlock i=4
thread1 lock i=5
thread1 unlock i=5
thread2 lock i=5
thread2 unlock i=5
thread1 lock i=6
thread1 unlock i=6
thread2 lock i=6
thread2 unlock i=6
thread1 lock i=7
thread1 unlock i=7
thread2 lock i=7
thread2 unlock i=7
thread1 lock i=8
thread1 unlock i=8
thread2 lock i=8
thread2 unlock i=8
thread1 lock i=9
thread1 unlock i=9
thread2 lock i=9
thread2 unlock i=9
thread1 lock i=10
thread1 unlock i=10
thread2 lock i=10
thread2 unlock i=10
thread1 lock i=11
thread1 unlock i=11
thread2 lock i=11
thread2 unlock i=11
thread1 lock i=12
wasm_cluster_init_checkpointing_counter : 0
=======スレッドの同時停止開始=========
トータルスレッド数：2, 待機中スレッド数：1
counter up: 1
======waitしているスレッド一覧をダンプします========
donewaiting thread id: 1
======waiting threadを起こします=========
counter up: 2
all waiting threads wake up!! checkpointing count: 2
======start checkpoint========
1-Thread checkpoint started
main-Thread (null) checkpoint started
1-dispatch_count: -58912507
counter up: 1
1-Thread checkpointed
チェックポイント済み：1
main-page_count: 3
main thread dump_thread_states
thread id: 1
待機中スレッド一覧の保存をdump_valueで行います．数；1
main-dispatch_count: -58912507
counter up: 2
main-Thread checkpointed
チェックポイント済み：2
========all waiting threads check pointed!! count: 2===========


// stderr
boot_end, 332783941119557
[notify enter] seq=1 addr_off=0x1b64 count=4294967295
[notify miss]  seq=1 addr_off=0x1b64 reason=no_wait_info
boot_end, 332783941382585
[31mpthread called un[0m
=        wasi-libc debugging1129        =
[33m!attrp || c11[0m[33mtsdなし[0m
[33m!stack
[0mboot_end, 332783941819590
atomic_store
boot_end, 332783942256456
[wait enter] seq=1 tid=-1 addr_off=0x149c expect=0x40000001 timeout=-1 wait64=0
[wait armed] seq=1 addr_off=0x149c waiters=1
[mtx_lock before] m=0x14e4 lock=0xa own=10 self=0x21b94 tid=1 waiters=0 count=0
[notify enter] seq=2 addr_off=0x149c count=1
[notify hit]   seq=2 addr_off=0x149c waiters=1
[notify exit]  seq=2 addr_off=0x149c notified=1
[wait exit]  seq=1 addr_off=0x149c result=notified
[wait enter] seq=2 tid=1 addr_off=0x149c expect=0x7fffffff timeout=-1 wait64=0
[wait armed] seq=2 addr_off=0x149c waiters=1
[mtx_unlock] m=0x14e4 lock=0xa own=0 self=0x404 tid=1073741823 waiters=0 count=0
[notify enter] seq=3 addr_off=0x149c count=1
[notify hit]   seq=3 addr_off=0x149c waiters=1
[notify exit]  seq=3 addr_off=0x149c notified=1
[wait exit]  seq=2 addr_off=0x149c result=notified
[timedlock enter] m=0x14e4 lock=0xa own=10 self=0x21b94 tid=1 type=0
[notify enter] seq=4 addr_off=0x149c count=1
[notify miss]  seq=4 addr_off=0x149c reason=no_wait_info
[wait enter] seq=3 tid=1 addr_off=0x14e8 expect=0x8000000a timeout=-1 wait64=0
[wait armed] seq=3 addr_off=0x14e8 waiters=1
[mtx_unlock after swap] m=0x14e4 lock=0x0 own=0 self=0x404 tid=1073741823 cont=-2147483638
[notify enter] seq=5 addr_off=0x14e8 count=1
[notify hit]   seq=5 addr_off=0x14e8 waiters=1
[notify exit]  seq=5 addr_off=0x14e8 notified=1
[wait exit]  seq=3 addr_off=0x14e8 result=notified
[mtx_unlock after notify] m=0x14e4 lock=0x0 own=0 self=0x404 tid=1073741823
[timedlock exit ] m=0x14e4 lock=0x0 own=0 self=0x21b94 tid=1 ret=0
[trylock normal set] m=0x14e4 old=0x0 new=0xa own=10, tid=1
[mtx_lock after ] m=0x14e4 lock=0xa own=10 self=0x21b94 tid=1 waiters=0 count=0 ret=0
[mtx_lock before] m=0x14e4 lock=0xa own=10 self=0x404 tid=1073741823 waiters=0 count=0
[timedlock enter] m=0x14e4 lock=0xa own=10 self=0x404 tid=1073741823 type=0
[wait enter] seq=4 tid=-1 addr_off=0x14e8 expect=0x8000000a timeout=-1 wait64=0
[wait armed] seq=4 addr_off=0x14e8 waiters=1
[mtx_unlock after swap] m=0x14e4 lock=0x0 own=0 self=0x21b94 tid=1 cont=-2147483638
[notify enter] seq=6 addr_off=0x14e8 count=1
[notify hit]   seq=6 addr_off=0x14e8 waiters=1
[notify exit]  seq=6 addr_off=0x14e8 notified=1
[wait exit]  seq=4 addr_off=0x14e8 result=notified
[mtx_unlock after notify] m=0x14e4 lock=0x0 own=0 self=0x21b94 tid=1
[timedlock exit ] m=0x14e4 lock=0x0 own=0 self=0x404 tid=1073741823 ret=0
[trylock normal set] m=0x14e4 old=0x0 new=0xa own=10, tid=1073741823
[mtx_lock after ] m=0x14e4 lock=0xa own=10 self=0x404 tid=1073741823 waiters=0 count=0 ret=0
[mtx_lock before] m=0x14e4 lock=0xa own=10 self=0x21b94 tid=1 waiters=0 count=0
[timedlock enter] m=0x14e4 lock=0xa own=10 self=0x21b94 tid=1 type=0
[wait enter] seq=5 tid=1 addr_off=0x14e8 expect=0x8000000a timeout=-1 wait64=0
[wait armed] seq=5 addr_off=0x14e8 waiters=1
[mtx_unlock after swap] m=0x14e4 lock=0x0 own=0 self=0x404 tid=1073741823 cont=-2147483638
[notify enter] seq=7 addr_off=0x14e8 count=1
[notify hit]   seq=7 addr_off=0x14e8 waiters=1
[notify exit]  seq=7 addr_off=0x14e8 notified=1
[wait exit]  seq=5 addr_off=0x14e8 result=notified
[mtx_unlock after notify] m=0x14e4 lock=0x0 own=0 self=0x404 tid=1073741823
[timedlock exit ] m=0x14e4 lock=0x0 own=0 self=0x21b94 tid=1 ret=0
[trylock normal set] m=0x14e4 old=0x0 new=0xa own=10, tid=1
[mtx_lock after ] m=0x14e4 lock=0xa own=10 self=0x21b94 tid=1 waiters=0 count=0 ret=0
[mtx_lock before] m=0x14e4 lock=0xa own=10 self=0x404 tid=1073741823 waiters=0 count=0
[timedlock enter] m=0x14e4 lock=0xa own=10 self=0x404 tid=1073741823 type=0
[wait enter] seq=6 tid=-1 addr_off=0x14e8 expect=0x8000000a timeout=-1 wait64=0
[wait armed] seq=6 addr_off=0x14e8 waiters=1
[mtx_unlock after swap] m=0x14e4 lock=0x0 own=0 self=0x21b94 tid=1 cont=-2147483638
[notify enter] seq=8 addr_off=0x14e8 count=1
[notify hit]   seq=8 addr_off=0x14e8 waiters=1
[notify exit]  seq=8 addr_off=0x14e8 notified=1
[wait exit]  seq=6 addr_off=0x14e8 result=notified
[mtx_unlock after notify] m=0x14e4 lock=0x0 own=0 self=0x21b94 tid=1
[notify enter] seq=9 addr_off=0x149c count=1
[notify miss]  seq=9 addr_off=0x149c reason=no_wait_info
[timedlock exit ] m=0x14e4 lock=0x0 own=0 self=0x404 tid=1073741823 ret=0
[notify enter] seq=10 addr_off=0x149c count=1
[notify miss]  seq=10 addr_off=0x149c reason=no_wait_info
[trylock normal set] m=0x14e4 old=0x0 new=0xa own=10, tid=1073741823
[mtx_lock after ] m=0x14e4 lock=0xa own=10 self=0x404 tid=1073741823 waiters=0 count=0 ret=0
[mtx_lock before] m=0x14e4 lock=0xa own=10 self=0x21b94 tid=1 waiters=0 count=0
[timedlock enter] m=0x14e4 lock=0xa own=10 self=0x21b94 tid=1 type=0
[wait enter] seq=7 tid=1 addr_off=0x14e8 expect=0x8000000a timeout=-1 wait64=0
[wait armed] seq=7 addr_off=0x14e8 waiters=1
[mtx_unlock after swap] m=0x14e4 lock=0x0 own=0 self=0x404 tid=1073741823 cont=-2147483638
[notify enter] seq=11 addr_off=0x14e8 count=1
[notify hit]   seq=11 addr_off=0x14e8 waiters=1
[notify exit]  seq=11 addr_off=0x14e8 notified=1
[wait exit]  seq=7 addr_off=0x14e8 result=notified
[mtx_unlock after notify] m=0x14e4 lock=0x0 own=0 self=0x404 tid=1073741823
[timedlock exit ] m=0x14e4 lock=0x0 own=0 self=0x21b94 tid=1 ret=0
[trylock normal set] m=0x14e4 old=0x0 new=0xa own=10, tid=1
[mtx_lock after ] m=0x14e4 lock=0xa own=10 self=0x21b94 tid=1 waiters=0 count=0 ret=0
[mtx_lock before] m=0x14e4 lock=0xa own=10 self=0x404 tid=1073741823 waiters=0 count=0
[timedlock enter] m=0x14e4 lock=0xa own=10 self=0x404 tid=1073741823 type=0
[wait enter] seq=8 tid=-1 addr_off=0x14e8 expect=0x8000000a timeout=-1 wait64=0
[wait armed] seq=8 addr_off=0x14e8 waiters=1
[mtx_unlock after swap] m=0x14e4 lock=0x0 own=0 self=0x21b94 tid=1 cont=-2147483638
[notify enter] seq=12 addr_off=0x14e8 count=1
[notify hit]   seq=12 addr_off=0x14e8 waiters=1
[notify exit]  seq=12 addr_off=0x14e8 notified=1
[wait exit]  seq=8 addr_off=0x14e8 result=notified
[mtx_unlock after notify] m=0x14e4 lock=0x0 own=0 self=0x21b94 tid=1
[timedlock exit ] m=0x14e4 lock=0x0 own=0 self=0x404 tid=1073741823 ret=0
[trylock normal set] m=0x14e4 old=0x0 new=0xa own=10, tid=1073741823
[mtx_lock after ] m=0x14e4 lock=0xa own=10 self=0x404 tid=1073741823 waiters=0 count=0 ret=0
[mtx_lock before] m=0x14e4 lock=0xa own=10 self=0x21b94 tid=1 waiters=0 count=0
[timedlock enter] m=0x14e4 lock=0xa own=10 self=0x21b94 tid=1 type=0
[wait enter] seq=9 tid=1 addr_off=0x14e8 expect=0x8000000a timeout=-1 wait64=0
[wait armed] seq=9 addr_off=0x14e8 waiters=1
[mtx_unlock after swap] m=0x14e4 lock=0x0 own=0 self=0x404 tid=1073741823 cont=-2147483638
[notify enter] seq=13 addr_off=0x14e8 count=1
[notify hit]   seq=13 addr_off=0x14e8 waiters=1
[notify exit]  seq=13 addr_off=0x14e8 notified=1
[wait exit]  seq=9 addr_off=0x14e8 result=notified
[mtx_unlock after notify] m=0x14e4 lock=0x0 own=0 self=0x404 tid=1073741823
[timedlock exit ] m=0x14e4 lock=0x0 own=0 self=0x21b94 tid=1 ret=0
[trylock normal set] m=0x14e4 old=0x0 new=0xa own=10, tid=1
[mtx_lock after ] m=0x14e4 lock=0xa own=10 self=0x21b94 tid=1 waiters=0 count=0 ret=0
[mtx_lock before] m=0x14e4 lock=0xa own=10 self=0x404 tid=1073741823 waiters=0 count=0
[timedlock enter] m=0x14e4 lock=0xa own=10 self=0x404 tid=1073741823 type=0
[wait enter] seq=10 tid=-1 addr_off=0x14e8 expect=0x8000000a timeout=-1 wait64=0
[wait armed] seq=10 addr_off=0x14e8 waiters=1
[mtx_unlock after swap] m=0x14e4 lock=0x0 own=0 self=0x21b94 tid=1 cont=-2147483638
[notify enter] seq=14 addr_off=0x14e8 count=1
[notify hit]   seq=14 addr_off=0x14e8 waiters=1
[notify exit]  seq=14 addr_off=0x14e8 notified=1
[wait exit]  seq=10 addr_off=0x14e8 result=notified
[mtx_unlock after notify] m=0x14e4 lock=0x0 own=0 self=0x21b94 tid=1
[wait enter] seq=11 tid=-1 addr_off=0x149c expect=0x40000001 timeout=-1 wait64=0
[wait skip]  seq=11 addr_off=0x149c reason=no_wait
[notify enter] seq=15 addr_off=0x149c count=1
[notify miss]  seq=15 addr_off=0x149c reason=no_wait_info
[timedlock exit ] m=0x14e4 lock=0x0 own=0 self=0x404 tid=1073741823 ret=0
[notify enter] seq=16 addr_off=0x149c count=1
[notify miss]  seq=16 addr_off=0x149c reason=no_wait_info
[trylock normal set] m=0x14e4 old=0x0 new=0xa own=10, tid=1073741823
[mtx_lock after ] m=0x14e4 lock=0xa own=10 self=0x404 tid=1073741823 waiters=0 count=0 ret=0
[mtx_lock before] m=0x14e4 lock=0xa own=10 self=0x21b94 tid=1 waiters=0 count=0
[timedlock enter] m=0x14e4 lock=0xa own=10 self=0x21b94 tid=1 type=0
[wait enter] seq=12 tid=1 addr_off=0x14e8 expect=0x8000000a timeout=-1 wait64=0
[wait armed] seq=12 addr_off=0x14e8 waiters=1
[mtx_unlock after swap] m=0x14e4 lock=0x0 own=0 self=0x404 tid=1073741823 cont=-2147483638
[notify enter] seq=17 addr_off=0x14e8 count=1
[notify hit]   seq=17 addr_off=0x14e8 waiters=1
[notify exit]  seq=17 addr_off=0x14e8 notified=1
[wait exit]  seq=12 addr_off=0x14e8 result=notified
[mtx_unlock after notify] m=0x14e4 lock=0x0 own=0 self=0x404 tid=1073741823
[timedlock exit ] m=0x14e4 lock=0x0 own=0 self=0x21b94 tid=1 ret=0
[trylock normal set] m=0x14e4 old=0x0 new=0xa own=10, tid=1
[mtx_lock after ] m=0x14e4 lock=0xa own=10 self=0x21b94 tid=1 waiters=0 count=0 ret=0
[mtx_lock before] m=0x14e4 lock=0xa own=10 self=0x404 tid=1073741823 waiters=0 count=0
[timedlock enter] m=0x14e4 lock=0xa own=10 self=0x404 tid=1073741823 type=0
[wait enter] seq=13 tid=-1 addr_off=0x14e8 expect=0x8000000a timeout=-1 wait64=0
[wait armed] seq=13 addr_off=0x14e8 waiters=1
[mtx_unlock after swap] m=0x14e4 lock=0x0 own=0 self=0x21b94 tid=1 cont=-2147483638
[notify enter] seq=18 addr_off=0x14e8 count=1
[notify hit]   seq=18 addr_off=0x14e8 waiters=1
[notify exit]  seq=18 addr_off=0x14e8 notified=1
[wait exit]  seq=13 addr_off=0x14e8 result=notified
[mtx_unlock after notify] m=0x14e4 lock=0x0 own=0 self=0x21b94 tid=1
[timedlock exit ] m=0x14e4 lock=0x0 own=0 self=0x404 tid=1073741823 ret=0
[trylock normal set] m=0x14e4 old=0x0 new=0xa own=10, tid=1073741823
[mtx_lock after ] m=0x14e4 lock=0xa own=10 self=0x404 tid=1073741823 waiters=0 count=0 ret=0
[mtx_lock before] m=0x14e4 lock=0xa own=10 self=0x21b94 tid=1 waiters=0 count=0
[timedlock enter] m=0x14e4 lock=0xa own=10 self=0x21b94 tid=1 type=0
[wait enter] seq=14 tid=1 addr_off=0x14e8 expect=0x8000000a timeout=-1 wait64=0
[wait armed] seq=14 addr_off=0x14e8 waiters=1
[mtx_unlock after swap] m=0x14e4 lock=0x0 own=0 self=0x404 tid=1073741823 cont=-2147483638
[notify enter] seq=19 addr_off=0x14e8 count=1
[notify hit]   seq=19 addr_off=0x14e8 waiters=1
[notify exit]  seq=19 addr_off=0x14e8 notified=1
[wait exit]  seq=14 addr_off=0x14e8 result=notified
[mtx_unlock after notify] m=0x14e4 lock=0x0 own=0 self=0x404 tid=1073741823
[timedlock exit ] m=0x14e4 lock=0x0 own=0 self=0x21b94 tid=1 ret=0
[trylock normal set] m=0x14e4 old=0x0 new=0xa own=10, tid=1
[mtx_lock after ] m=0x14e4 lock=0xa own=10 self=0x21b94 tid=1 waiters=0 count=0 ret=0
[wait enter] seq=15 tid=1 addr_off=0x1414 expect=0x7fffffff timeout=-1 wait64=0
[wait armed] seq=15 addr_off=0x1414 waiters=1
[notify enter] seq=20 addr_off=0x1414 count=1
[notify hit]   seq=20 addr_off=0x1414 waiters=1
[notify exit]  seq=20 addr_off=0x1414 notified=1
[wait exit]  seq=15 addr_off=0x1414 result=notified
[notify enter] seq=21 addr_off=0x1414 count=1
[notify miss]  seq=21 addr_off=0x1414 reason=no_wait_info
[mtx_lock before] m=0x14e4 lock=0xa own=10 self=0x404 tid=1073741823 waiters=0 count=0
[timedlock enter] m=0x14e4 lock=0xa own=10 self=0x404 tid=1073741823 type=0
[wait enter] seq=16 tid=-1 addr_off=0x14e8 expect=0x8000000a timeout=-1 wait64=0
[wait armed] seq=16 addr_off=0x14e8 waiters=1
[mtx_unlock after swap] m=0x14e4 lock=0x0 own=0 self=0x21b94 tid=1 cont=-2147483638
[notify enter] seq=22 addr_off=0x14e8 count=1
[notify hit]   seq=22 addr_off=0x14e8 waiters=1
[notify exit]  seq=22 addr_off=0x14e8 notified=1
[wait exit]  seq=16 addr_off=0x14e8 result=notified
[mtx_unlock after notify] m=0x14e4 lock=0x0 own=0 self=0x21b94 tid=1
[timedlock exit ] m=0x14e4 lock=0x0 own=0 self=0x404 tid=1073741823 ret=0
[trylock normal set] m=0x14e4 old=0x0 new=0xa own=10, tid=1073741823
[mtx_lock after ] m=0x14e4 lock=0xa own=10 self=0x404 tid=1073741823 waiters=0 count=0 ret=0
[mtx_lock before] m=0x14e4 lock=0xa own=10 self=0x21b94 tid=1 waiters=0 count=0
[timedlock enter] m=0x14e4 lock=0xa own=10 self=0x21b94 tid=1 type=0
[wait enter] seq=17 tid=1 addr_off=0x14e8 expect=0x8000000a timeout=-1 wait64=0
[wait armed] seq=17 addr_off=0x14e8 waiters=1
[mtx_unlock after swap] m=0x14e4 lock=0x0 own=0 self=0x404 tid=1073741823 cont=-2147483638
[notify enter] seq=23 addr_off=0x14e8 count=1
[notify hit]   seq=23 addr_off=0x14e8 waiters=1
[notify exit]  seq=23 addr_off=0x14e8 notified=1
[wait exit]  seq=17 addr_off=0x14e8 result=notified
[mtx_unlock after notify] m=0x14e4 lock=0x0 own=0 self=0x404 tid=1073741823
[wait enter] seq=18 tid=1 addr_off=0x149c expect=0x7fffffff timeout=-1 wait64=0
[wait skip]  seq=18 addr_off=0x149c reason=no_wait
[notify enter] seq=24 addr_off=0x149c count=1
[notify miss]  seq=24 addr_off=0x149c reason=no_wait_info
[timedlock exit ] m=0x14e4 lock=0x0 own=0 self=0x21b94 tid=1 ret=0
[notify enter] seq=25 addr_off=0x149c count=1
[notify miss]  seq=25 addr_off=0x149c reason=no_wait_info
[trylock normal set] m=0x14e4 old=0x0 new=0xa own=10, tid=1
[mtx_lock after ] m=0x14e4 lock=0xa own=10 self=0x21b94 tid=1 waiters=0 count=0 ret=0
[mtx_lock before] m=0x14e4 lock=0xa own=10 self=0x404 tid=1073741823 waiters=0 count=0
[timedlock enter] m=0x14e4 lock=0xa own=10 self=0x404 tid=1073741823 type=0
[wait enter] seq=19 tid=-1 addr_off=0x14e8 expect=0x8000000a timeout=-1 wait64=0
[wait armed] seq=19 addr_off=0x14e8 waiters=1
[mtx_unlock after swap] m=0x14e4 lock=0x0 own=0 self=0x21b94 tid=1 cont=-2147483638
[notify enter] seq=26 addr_off=0x14e8 count=1
[notify hit]   seq=26 addr_off=0x14e8 waiters=1
[notify exit]  seq=26 addr_off=0x14e8 notified=1
[wait exit]  seq=19 addr_off=0x14e8 result=notified
[mtx_unlock after notify] m=0x14e4 lock=0x0 own=0 self=0x21b94 tid=1
[timedlock exit ] m=0x14e4 lock=0x0 own=0 self=0x404 tid=1073741823 ret=0
[trylock normal set] m=0x14e4 old=0x0 new=0xa own=10, tid=1073741823
[mtx_lock after ] m=0x14e4 lock=0xa own=10 self=0x404 tid=1073741823 waiters=0 count=0 ret=0
[mtx_lock before] m=0x14e4 lock=0xa own=10 self=0x21b94 tid=1 waiters=0 count=0
[timedlock enter] m=0x14e4 lock=0xa own=10 self=0x21b94 tid=1 type=0
[wait enter] seq=20 tid=1 addr_off=0x14e8 expect=0x8000000a timeout=-1 wait64=0
[wait armed] seq=20 addr_off=0x14e8 waiters=1
[mtx_unlock after swap] m=0x14e4 lock=0x0 own=0 self=0x404 tid=1073741823 cont=-2147483638
[notify enter] seq=27 addr_off=0x14e8 count=1
[notify hit]   seq=27 addr_off=0x14e8 waiters=1
[notify exit]  seq=27 addr_off=0x14e8 notified=1
[wait exit]  seq=20 addr_off=0x14e8 result=notified
[mtx_unlock after notify] m=0x14e4 lock=0x0 own=0 self=0x404 tid=1073741823
[timedlock exit ] m=0x14e4 lock=0x0 own=0 self=0x21b94 tid=1 ret=0
[trylock normal set] m=0x14e4 old=0x0 new=0xa own=10, tid=1
[mtx_lock after ] m=0x14e4 lock=0xa own=10 self=0x21b94 tid=1 waiters=0 count=0 ret=0
[mtx_lock before] m=0x14e4 lock=0xa own=10 self=0x404 tid=1073741823 waiters=0 count=0
[timedlock enter] m=0x14e4 lock=0xa own=10 self=0x404 tid=1073741823 type=0
[wait enter] seq=21 tid=-1 addr_off=0x14e8 expect=0x8000000a timeout=-1 wait64=0
[wait armed] seq=21 addr_off=0x14e8 waiters=1
[mtx_unlock after swap] m=0x14e4 lock=0x0 own=0 self=0x21b94 tid=1 cont=-2147483638
[notify enter] seq=28 addr_off=0x14e8 count=1
[notify hit]   seq=28 addr_off=0x14e8 waiters=1
[notify exit]  seq=28 addr_off=0x14e8 notified=1
[wait exit]  seq=21 addr_off=0x14e8 result=notified
[mtx_unlock after notify] m=0x14e4 lock=0x0 own=0 self=0x21b94 tid=1
[timedlock exit ] m=0x14e4 lock=0x0 own=0 self=0x404 tid=1073741823 ret=0
[trylock normal set] m=0x14e4 old=0x0 new=0xa own=10, tid=1073741823
[mtx_lock after ] m=0x14e4 lock=0xa own=10 self=0x404 tid=1073741823 waiters=0 count=0 ret=0
[mtx_lock before] m=0x14e4 lock=0xa own=10 self=0x21b94 tid=1 waiters=0 count=0
[timedlock enter] m=0x14e4 lock=0xa own=10 self=0x21b94 tid=1 type=0
[wait enter] seq=22 tid=1 addr_off=0x14e8 expect=0x8000000a timeout=-1 wait64=0
[wait armed] seq=22 addr_off=0x14e8 waiters=1
[mtx_unlock after swap] m=0x14e4 lock=0x0 own=0 self=0x404 tid=1073741823 cont=-2147483638
[notify enter] seq=29 addr_off=0x14e8 count=1
[notify hit]   seq=29 addr_off=0x14e8 waiters=1
[notify exit]  seq=29 addr_off=0x14e8 notified=1
[wait exit]  seq=22 addr_off=0x14e8 result=notified
[mtx_unlock after notify] m=0x14e4 lock=0x0 own=0 self=0x404 tid=1073741823
[notify enter] seq=30 addr_off=0x149c count=1
[notify miss]  seq=30 addr_off=0x149c reason=no_wait_info
[timedlock exit ] m=0x14e4 lock=0x0 own=0 self=0x21b94 tid=1 ret=0
[notify enter] seq=31 addr_off=0x149c count=1
[notify miss]  seq=31 addr_off=0x149c reason=no_wait_info
[trylock normal set] m=0x14e4 old=0x0 new=0xa own=10, tid=1
[mtx_lock after ] m=0x14e4 lock=0xa own=10 self=0x21b94 tid=1 waiters=0 count=0 ret=0
[mtx_lock before] m=0x14e4 lock=0xa own=10 self=0x404 tid=1073741823 waiters=0 count=0
[timedlock enter] m=0x14e4 lock=0xa own=10 self=0x404 tid=1073741823 type=0
[wait enter] seq=23 tid=-1 addr_off=0x14e8 expect=0x8000000a timeout=-1 wait64=0
[wait armed] seq=23 addr_off=0x14e8 waiters=1
[mtx_unlock after swap] m=0x14e4 lock=0x0 own=0 self=0x21b94 tid=1 cont=-2147483638
[notify enter] seq=32 addr_off=0x14e8 count=1
[notify hit]   seq=32 addr_off=0x14e8 waiters=1
[notify exit]  seq=32 addr_off=0x14e8 notified=1
[wait exit]  seq=23 addr_off=0x14e8 result=notified
[mtx_unlock after notify] m=0x14e4 lock=0x0 own=0 self=0x21b94 tid=1
[notify enter] seq=33 addr_off=0x149c count=1
[notify miss]  seq=33 addr_off=0x149c reason=no_wait_info
[timedlock exit ] m=0x14e4 lock=0x0 own=0 self=0x404 tid=1073741823 ret=0
[notify enter] seq=34 addr_off=0x149c count=1
[notify miss]  seq=34 addr_off=0x149c reason=no_wait_info
[trylock normal set] m=0x14e4 old=0x0 new=0xa own=10, tid=1073741823
[mtx_lock after ] m=0x14e4 lock=0xa own=10 self=0x404 tid=1073741823 waiters=0 count=0 ret=0
[mtx_lock before] m=0x14e4 lock=0xa own=10 self=0x21b94 tid=1 waiters=0 count=0
[timedlock enter] m=0x14e4 lock=0xa own=10 self=0x21b94 tid=1 type=0
[wait enter] seq=24 tid=1 addr_off=0x14e8 expect=0x8000000a timeout=-1 wait64=0
[wait armed] seq=24 addr_off=0x14e8 waiters=1
[mtx_unlock after swap] m=0x14e4 lock=0x0 own=0 self=0x404 tid=1073741823 cont=-2147483638
[notify enter] seq=35 addr_off=0x14e8 count=1
[notify hit]   seq=35 addr_off=0x14e8 waiters=1
[notify exit]  seq=35 addr_off=0x14e8 notified=1
[wait exit]  seq=24 addr_off=0x14e8 result=notified
[mtx_unlock after notify] m=0x14e4 lock=0x0 own=0 self=0x404 tid=1073741823
[timedlock exit ] m=0x14e4 lock=0x0 own=0 self=0x21b94 tid=1 ret=0
[trylock normal set] m=0x14e4 old=0x0 new=0xa own=10, tid=1
[mtx_lock after ] m=0x14e4 lock=0xa own=10 self=0x21b94 tid=1 waiters=0 count=0 ret=0
[mtx_lock before] m=0x14e4 lock=0xa own=10 self=0x404 tid=1073741823 waiters=0 count=0
[timedlock enter] m=0x14e4 lock=0xa own=10 self=0x404 tid=1073741823 type=0
[wait enter] seq=25 tid=-1 addr_off=0x14e8 expect=0x8000000a timeout=-1 wait64=0
[wait armed] seq=25 addr_off=0x14e8 waiters=1
[mtx_unlock after swap] m=0x14e4 lock=0x0 own=0 self=0x21b94 tid=1 cont=-2147483638
[notify enter] seq=36 addr_off=0x14e8 count=1
[notify hit]   seq=36 addr_off=0x14e8 waiters=1
[notify exit]  seq=36 addr_off=0x14e8 notified=1
[wait exit]  seq=25 addr_off=0x14e8 result=notified
[mtx_unlock after notify] m=0x14e4 lock=0x0 own=0 self=0x21b94 tid=1
[timedlock exit ] m=0x14e4 lock=0x0 own=0 self=0x404 tid=1073741823 ret=0
[trylock normal set] m=0x14e4 old=0x0 new=0xa own=10, tid=1073741823
[mtx_lock after ] m=0x14e4 lock=0xa own=10 self=0x404 tid=1073741823 waiters=0 count=0 ret=0
[mtx_lock before] m=0x14e4 lock=0xa own=10 self=0x21b94 tid=1 waiters=0 count=0
[timedlock enter] m=0x14e4 lock=0xa own=10 self=0x21b94 tid=1 type=0
[wait enter] seq=26 tid=1 addr_off=0x14e8 expect=0x8000000a timeout=-1 wait64=0
[wait armed] seq=26 addr_off=0x14e8 waiters=1
[mtx_unlock after swap] m=0x14e4 lock=0x0 own=0 self=0x404 tid=1073741823 cont=-2147483638
[notify enter] seq=37 addr_off=0x14e8 count=1
[notify hit]   seq=37 addr_off=0x14e8 waiters=1
[notify exit]  seq=37 addr_off=0x14e8 notified=1
[wait exit]  seq=26 addr_off=0x14e8 result=notified
[mtx_unlock after notify] m=0x14e4 lock=0x0 own=0 self=0x404 tid=1073741823
[timedlock exit ] m=0x14e4 lock=0x0 own=0 self=0x21b94 tid=1 ret=0
[trylock normal set] m=0x14e4 old=0x0 new=0xa own=10, tid=1
[mtx_lock after ] m=0x14e4 lock=0xa own=10 self=0x21b94 tid=1 waiters=0 count=0 ret=0
[mtx_lock before] m=0x14e4 lock=0xa own=10 self=0x404 tid=1073741823 waiters=0 count=0
[timedlock enter] m=0x14e4 lock=0xa own=10 self=0x404 tid=1073741823 type=0
[wait enter] seq=27 tid=-1 addr_off=0x14e8 expect=0x8000000a timeout=-1 wait64=0
[wait armed] seq=27 addr_off=0x14e8 waiters=1
[mtx_unlock after swap] m=0x14e4 lock=0x0 own=0 self=0x21b94 tid=1 cont=-2147483638
[notify enter] seq=38 addr_off=0x14e8 count=1
[notify hit]   seq=38 addr_off=0x14e8 waiters=1
[notify exit]  seq=38 addr_off=0x14e8 notified=1
[wait exit]  seq=27 addr_off=0x14e8 result=notified
[mtx_unlock after notify] m=0x14e4 lock=0x0 own=0 self=0x21b94 tid=1
[timedlock exit ] m=0x14e4 lock=0x0 own=0 self=0x404 tid=1073741823 ret=0
[trylock normal set] m=0x14e4 old=0x0 new=0xa own=10, tid=1073741823
[mtx_lock after ] m=0x14e4 lock=0xa own=10 self=0x404 tid=1073741823 waiters=0 count=0 ret=0
[mtx_lock before] m=0x14e4 lock=0xa own=10 self=0x21b94 tid=1 waiters=0 count=0
[timedlock enter] m=0x14e4 lock=0xa own=10 self=0x21b94 tid=1 type=0
[wait enter] seq=28 tid=1 addr_off=0x14e8 expect=0x8000000a timeout=-1 wait64=0
[wait armed] seq=28 addr_off=0x14e8 waiters=1
[mtx_unlock after swap] m=0x14e4 lock=0x0 own=0 self=0x404 tid=1073741823 cont=-2147483638
[notify enter] seq=39 addr_off=0x14e8 count=1
[notify hit]   seq=39 addr_off=0x14e8 waiters=1
[notify exit]  seq=39 addr_off=0x14e8 notified=1
[wait exit]  seq=28 addr_off=0x14e8 result=notified
[mtx_unlock after notify] m=0x14e4 lock=0x0 own=0 self=0x404 tid=1073741823
[wait enter] seq=29 tid=1 addr_off=0x149c expect=0x7fffffff timeout=-1 wait64=0
[wait skip]  seq=29 addr_off=0x149c reason=no_wait
[notify enter] seq=40 addr_off=0x149c count=1
[notify miss]  seq=40 addr_off=0x149c reason=no_wait_info
[timedlock exit ] m=0x14e4 lock=0x0 own=0 self=0x21b94 tid=1 ret=0
[notify enter] seq=41 addr_off=0x149c count=1
[notify miss]  seq=41 addr_off=0x149c reason=no_wait_info
[trylock normal set] m=0x14e4 old=0x0 new=0xa own=10, tid=1
[mtx_lock after ] m=0x14e4 lock=0xa own=10 self=0x21b94 tid=1 waiters=0 count=0 ret=0
[mtx_lock before] m=0x14e4 lock=0xa own=10 self=0x404 tid=1073741823 waiters=0 count=0
[timedlock enter] m=0x14e4 lock=0xa own=10 self=0x404 tid=1073741823 type=0
[wait enter] seq=30 tid=-1 addr_off=0x14e8 expect=0x8000000a timeout=-1 wait64=0
[wait armed] seq=30 addr_off=0x14e8 waiters=1
[mtx_unlock after swap] m=0x14e4 lock=0x0 own=0 self=0x21b94 tid=1 cont=-2147483638
[notify enter] seq=42 addr_off=0x14e8 count=1
[notify hit]   seq=42 addr_off=0x14e8 waiters=1
[notify exit]  seq=42 addr_off=0x14e8 notified=1
[wait exit]  seq=30 addr_off=0x14e8 result=notified
[mtx_unlock after notify] m=0x14e4 lock=0x0 own=0 self=0x21b94 tid=1
[timedlock exit ] m=0x14e4 lock=0x0 own=0 self=0x404 tid=1073741823 ret=0
[trylock normal set] m=0x14e4 old=0x0 new=0xa own=10, tid=1073741823
[mtx_lock after ] m=0x14e4 lock=0xa own=10 self=0x404 tid=1073741823 waiters=0 count=0 ret=0
[mtx_lock before] m=0x14e4 lock=0xa own=10 self=0x21b94 tid=1 waiters=0 count=0
[timedlock enter] m=0x14e4 lock=0xa own=10 self=0x21b94 tid=1 type=0
[wait enter] seq=31 tid=1 addr_off=0x14e8 expect=0x8000000a timeout=-1 wait64=0
[wait armed] seq=31 addr_off=0x14e8 waiters=1
トータルスレッド数：2, 待機中スレッド数：1
======waitしているスレッド一覧をダンプします========
======waiting threadを起こします=========
[wait exit]  seq=31 addr_off=0x14e8 result=notified
all waiting threads wake up!! checkpointing count: 2
======start checkpoint========
1-memory, 330
1-global, 160733
1-program counter, 37612
1-stack, 988438
1-thread attrs, 34405
main-memory, 1370901
main-global, 71695
main-program counter, 35478
main-stack, 337177
main-thread attrs, 33683
========all waiting threads check pointed!! count: 2===========
