restore flag set 
Looking up symbol: clock_time_get
Looking up symbol: fd_close
Looking up symbol: fd_fdstat_get
Looking up symbol: fd_seek
Looking up symbol: fd_write
Looking up symbol: proc_exit
Looking up symbol: sched_yield
Looking up symbol: thread-spawn
WASM_ENABLE_MULTI_MODULE: 0
memories_instantiate，L433memory_idx: 0 is shared memory: 1
実行されたL445
memory_count: 0 import_memory_count: 1
execute_post_instantiate_functions: 0

 WASM_ENABLE_DEBUG_INTERP: 0
signal init: 127340145276480
メインスレッド
=======Start restoring 2 wasm VM
waiting_thread_ids: count: 1
waiting_thread_ids[0]: 1
wasm_cluster_init_checkpointing_counter : 0
thread_ids : 1
Restoring wasm thread 1 from 1-*
start init module inst
WASM_ENABLE_MULTI_MODULE: 0
memories_instantiate，L433memory_idx: 0 is shared memory: 1
独立メモリとしてインスタンス化しません
実行されたL445
memory_count: 0 import_memory_count: 1
done init module inst
done init custom
done init contexts
1-Start constructing Wasm VM
-==============================restore
thread 1 restore
1-Start constructing Wasm VM
Done Restoring wasm thread 1 from 1-*
done wasm_restore_thread
get_file_prefix
restore stack

 WASM_ENABLE_DEBUG_INTERP: 0
メインスレッドじゃない: 127340145141312 and SIG_RESTORE
1 Started interpretor
1 start restore stack
restore stack
1 restore stack done
無視
1 done restore
counter up: 1
[waiting_run enter] tid=1 host=127340145141312
1
無視
2
3
counter up: 2
========all threads restore done
waking up thread 1: 127340145006144
waking up thread main!!
done waiting threads run!
done waiting threads run2!
[waiting_run end] tid=1 host=127340145141312
1: thread run
restore_sync_routine: finished wake up all threads
main thread wake up!
線形メモリ：memory_data: 0x73ceb0000000, memory_end: 0x73ceb0030000
main thread run
線形メモリ：memory_data: 0x73ceb0000000, memory_end: 0x73ceb0030000
true
thread1 unlock i=12
thread1 lock i=13
thread1 unlock i=13
thread1 lock i=14
thread1 unlock i=14
thread1 lock i=15
thread1 unlock i=15
thread1 lock i=16
thread1 unlock i=16
thread1 lock i=17
thread1 unlock i=17
thread1 lock i=18
thread1 unlock i=18
thread1 lock i=19
thread1 unlock i=19
thread1 lock i=20
thread1 unlock i=20
thread1 lock i=21
thread1 unlock i=21
thread1 lock i=22
thread1 unlock i=22
thread1 lock i=23
thread1 unlock i=23
thread1 lock i=24
thread1 unlock i=24
thread1 lock i=25
thread1 unlock i=25
thread1 lock i=26
thread1 unlock i=26
thread1 lock i=27
thread1 unlock i=27
thread1 lock i=28
thread1 unlock i=28
thread1 lock i=29
thread1 unlock i=29
thread1 lock i=30
thread1 unlock i=30
thread1 lock i=31
thread1 unlock i=31
thread1 lock i=32
thread1 unlock i=32
thread1 lock i=33
thread1 unlock i=33
thread1 lock i=34
thread1 unlock i=34
thread1 lock i=35
thread1 unlock i=35
thread1 lock i=36
thread1 unlock i=36
thread1 lock i=37
thread1 unlock i=37
thread1 lock i=38
thread1 unlock i=38
thread1 lock i=39
thread1 unlock i=39
thread1 lock i=40
thread1 unlock i=40
thread1 lock i=41
thread1 unlock i=41
thread1 lock i=42
thread1 unlock i=42
thread1 lock i=43
thread1 unlock i=43
thread1 lock i=44
thread1 unlock i=44
thread1 lock i=45
thread1 unlock i=45
thread1 lock i=46
thread1 unlock i=46
thread1 lock i=47
thread1 unlock i=47
thread1 lock i=48
thread1 unlock i=48
thread1 lock i=49
thread1 unlock i=49
thread1 lock i=50
thread1 unlock i=50
thread1 lock i=51
thread1 unlock i=51
thread1 lock i=52
thread1 unlock i=52
thread1 lock i=53
thread1 unlock i=53
thread1 lock i=54
thread1 unlock i=54
thread1 lock i=55
thread1 unlock i=55
thread1 lock i=56
thread1 unlock i=56
thread1 lock i=57
thread1 unlock i=57
thread1 lock i=58
thread1 unlock i=58
thread1 lock i=59
thread1 unlock i=59
thread1 lock i=60
thread1 unlock i=60
thread1 lock i=61
thread1 unlock i=61
thread1 lock i=62
thread1 unlock i=62
thread1 lock i=63
thread1 unlock i=63
thread1 lock i=64
thread1 unlock i=64
thread1 lock i=65
thread1 unlock i=65
thread1 lock i=66
thread1 unlock i=66
thread1 lock i=67
thread1 unlock i=67
thread1 lock i=68
thread1 unlock i=68
thread1 lock i=69
thread1 unlock i=69
thread1 lock i=70
thread1 unlock i=70
thread1 lock i=71
thread1 unlock i=71
thread1 lock i=72
thread1 unlock i=72
thread1 lock i=73
thread1 unlock i=73
thread1 lock i=74
thread1 unlock i=74
thread1 lock i=75
thread1 unlock i=75
thread1 lock i=76

// stderr
boot_end, 336381227689067
[notify enter] seq=1 addr_off=0x1b94 count=4294967295
[notify miss]  seq=1 addr_off=0x1b94 reason=no_wait_info
boot_end, 336381227903204
[31mpthread called un[0m
=        wasi-libc debugging1129        =
[33m!attrp || c11[0m[33mtsdなし[0m
[33m!stack
[0mboot_end, 336381228325869
[clusterlog thread_start] exec_env=0x5d1db73b4510 module_inst=0x5d1db73b2ee0 cluster=0x5d1db73b1d00 cluster_lock=0x5d1db73b1d08 handle=139325763221056 thread_id=1 thread_arg=0x5d1db73b44f0
atomic_store
boot_end, 336381228709630
[mtx_unlock] m=0x1514 lock=0xa own=0 self=0x404 tid=1073741823 waiters=0 count=0
[wait pre-search] seq=1 addr_off=0x1444 expect=0x40000001 timeout=-1 wait64=0
[wait enter] seq=1 tid=-1 addr_off=0x1444
[wait skip]  seq=1 addr_off=0x1444 reason=no_wait
[notify enter] seq=2 addr_off=0x1444 count=1
[notify miss]  seq=2 addr_off=0x1444 reason=no_wait_info
[wait pre-search] seq=2 addr_off=0x1444 expect=0x7fffffff timeout=-1 wait64=0
[wait enter] seq=2 tid=1 addr_off=0x1444
[wait armed] seq=2 addr_off=0x1444 waiters=1
[notify enter] seq=3 addr_off=0x1444 count=1
[notify hit]   seq=3 addr_off=0x1444 waiters=1
[notify exit]  seq=3 addr_off=0x1444 notified=1
[wait exit]  seq=2 addr_off=0x1444 result=notified
[notify enter] seq=4 addr_off=0x1444 count=1
[notify miss]  seq=4 addr_off=0x1444 reason=no_wait_info
[mtx_lock before] m=0x1514 lock=0xa own=10 self=0x21bc4 tid=1 waiters=0 count=0
[timedlock enter] m=0x1514 lock=0xa own=10 self=0x21bc4 tid=1 type=0
[wait pre-search] seq=3 addr_off=0x1518 expect=0x8000000a timeout=-1 wait64=0
[wait enter] seq=3 tid=1 addr_off=0x1518
[wait armed] seq=3 addr_off=0x1518 waiters=1
[mtx_unlock after swap] m=0x1514 lock=0x0 own=0 self=0x404 tid=1073741823 cont=-2147483638
[notify enter] seq=5 addr_off=0x1518 count=1
[notify hit]   seq=5 addr_off=0x1518 waiters=1
[notify exit]  seq=5 addr_off=0x1518 notified=1
[wait exit]  seq=3 addr_off=0x1518 result=notified
[mtx_unlock after notify] m=0x1514 lock=0x0 own=0 self=0x404 tid=1073741823
[timedlock exit ] m=0x1514 lock=0x0 own=0 self=0x21bc4 tid=1 ret=0
[trylock normal set] m=0x1514 old=0x0 new=0xa own=10, tid=1
[mtx_lock after ] m=0x1514 lock=0xa own=10 self=0x21bc4 tid=1 waiters=0 count=0 ret=0
[mtx_lock before] m=0x1514 lock=0xa own=10 self=0x404 tid=1073741823 waiters=0 count=0
[timedlock enter] m=0x1514 lock=0xa own=10 self=0x404 tid=1073741823 type=0
[wait pre-search] seq=4 addr_off=0x1518 expect=0x8000000a timeout=-1 wait64=0
[wait enter] seq=4 tid=-1 addr_off=0x1518
[wait armed] seq=4 addr_off=0x1518 waiters=1
[mtx_unlock after swap] m=0x1514 lock=0x0 own=0 self=0x21bc4 tid=1 cont=-2147483638
[notify enter] seq=6 addr_off=0x1518 count=1
[notify hit]   seq=6 addr_off=0x1518 waiters=1
[notify exit]  seq=6 addr_off=0x1518 notified=1
[wait exit]  seq=4 addr_off=0x1518 result=notified
[mtx_unlock after notify] m=0x1514 lock=0x0 own=0 self=0x21bc4 tid=1
[timedlock exit ] m=0x1514 lock=0x0 own=0 self=0x404 tid=1073741823 ret=0
[trylock normal set] m=0x1514 old=0x0 new=0xa own=10, tid=1073741823
[mtx_lock after ] m=0x1514 lock=0xa own=10 self=0x404 tid=1073741823 waiters=0 count=0 ret=0
[mtx_lock before] m=0x1514 lock=0xa own=10 self=0x21bc4 tid=1 waiters=0 count=0
[timedlock enter] m=0x1514 lock=0xa own=10 self=0x21bc4 tid=1 type=0
[wait pre-search] seq=5 addr_off=0x1518 expect=0x8000000a timeout=-1 wait64=0
[wait enter] seq=5 tid=1 addr_off=0x1518
[wait armed] seq=5 addr_off=0x1518 waiters=1
[mtx_unlock after swap] m=0x1514 lock=0x0 own=0 self=0x404 tid=1073741823 cont=-2147483638
[notify enter] seq=7 addr_off=0x1518 count=1
[notify hit]   seq=7 addr_off=0x1518 waiters=1
[notify exit]  seq=7 addr_off=0x1518 notified=1
[wait exit]  seq=5 addr_off=0x1518 result=notified
[mtx_unlock after notify] m=0x1514 lock=0x0 own=0 self=0x404 tid=1073741823
[timedlock exit ] m=0x1514 lock=0x0 own=0 self=0x21bc4 tid=1 ret=0
[trylock normal set] m=0x1514 old=0x0 new=0xa own=10, tid=1
[mtx_lock after ] m=0x1514 lock=0xa own=10 self=0x21bc4 tid=1 waiters=0 count=0 ret=0
[mtx_lock before] m=0x1514 lock=0xa own=10 self=0x404 tid=1073741823 waiters=0 count=0
[timedlock enter] m=0x1514 lock=0xa own=10 self=0x404 tid=1073741823 type=0
[wait pre-search] seq=6 addr_off=0x1518 expect=0x8000000a timeout=-1 wait64=0
[wait enter] seq=6 tid=-1 addr_off=0x1518
[wait armed] seq=6 addr_off=0x1518 waiters=1
[mtx_unlock after swap] m=0x1514 lock=0x0 own=0 self=0x21bc4 tid=1 cont=-2147483638
[notify enter] seq=8 addr_off=0x1518 count=1
[notify hit]   seq=8 addr_off=0x1518 waiters=1
[notify exit]  seq=8 addr_off=0x1518 notified=1
[wait exit]  seq=6 addr_off=0x1518 result=notified
[mtx_unlock after notify] m=0x1514 lock=0x0 own=0 self=0x21bc4 tid=1
[wait pre-search] seq=7 addr_off=0x14cc expect=0x40000001 timeout=-1 wait64=0
[wait enter] seq=7 tid=-1 addr_off=0x14cc
[wait skip]  seq=7 addr_off=0x14cc reason=no_wait
[notify enter] seq=9 addr_off=0x14cc count=1
[notify miss]  seq=9 addr_off=0x14cc reason=no_wait_info
[timedlock exit ] m=0x1514 lock=0x0 own=0 self=0x404 tid=1073741823 ret=0
[notify enter] seq=10 addr_off=0x14cc count=1
[notify miss]  seq=10 addr_off=0x14cc reason=no_wait_info
[trylock normal set] m=0x1514 old=0x0 new=0xa own=10, tid=1073741823
[mtx_lock after ] m=0x1514 lock=0xa own=10 self=0x404 tid=1073741823 waiters=0 count=0 ret=0
[mtx_lock before] m=0x1514 lock=0xa own=10 self=0x21bc4 tid=1 waiters=0 count=0
[timedlock enter] m=0x1514 lock=0xa own=10 self=0x21bc4 tid=1 type=0
[wait pre-search] seq=8 addr_off=0x1518 expect=0x8000000a timeout=-1 wait64=0
[wait enter] seq=8 tid=1 addr_off=0x1518
[wait armed] seq=8 addr_off=0x1518 waiters=1
[mtx_unlock after swap] m=0x1514 lock=0x0 own=0 self=0x404 tid=1073741823 cont=-2147483638
[notify enter] seq=11 addr_off=0x1518 count=1
[notify hit]   seq=11 addr_off=0x1518 waiters=1
[notify exit]  seq=11 addr_off=0x1518 notified=1
[wait exit]  seq=8 addr_off=0x1518 result=notified
[mtx_unlock after notify] m=0x1514 lock=0x0 own=0 self=0x404 tid=1073741823
[timedlock exit ] m=0x1514 lock=0x0 own=0 self=0x21bc4 tid=1 ret=0
[trylock normal set] m=0x1514 old=0x0 new=0xa own=10, tid=1
[mtx_lock after ] m=0x1514 lock=0xa own=10 self=0x21bc4 tid=1 waiters=0 count=0 ret=0
[mtx_lock before] m=0x1514 lock=0xa own=10 self=0x404 tid=1073741823 waiters=0 count=0
[timedlock enter] m=0x1514 lock=0xa own=10 self=0x404 tid=1073741823 type=0
[wait pre-search] seq=9 addr_off=0x1518 expect=0x8000000a timeout=-1 wait64=0
[wait enter] seq=9 tid=-1 addr_off=0x1518
[wait armed] seq=9 addr_off=0x1518 waiters=1
[mtx_unlock after swap] m=0x1514 lock=0x0 own=0 self=0x21bc4 tid=1 cont=-2147483638
[notify enter] seq=12 addr_off=0x1518 count=1
[notify hit]   seq=12 addr_off=0x1518 waiters=1
[notify exit]  seq=12 addr_off=0x1518 notified=1
[wait exit]  seq=9 addr_off=0x1518 result=notified
[mtx_unlock after notify] m=0x1514 lock=0x0 own=0 self=0x21bc4 tid=1
[timedlock exit ] m=0x1514 lock=0x0 own=0 self=0x404 tid=1073741823 ret=0
[trylock normal set] m=0x1514 old=0x0 new=0xa own=10, tid=1073741823
[mtx_lock after ] m=0x1514 lock=0xa own=10 self=0x404 tid=1073741823 waiters=0 count=0 ret=0
[mtx_lock before] m=0x1514 lock=0xa own=10 self=0x21bc4 tid=1 waiters=0 count=0
[timedlock enter] m=0x1514 lock=0xa own=10 self=0x21bc4 tid=1 type=0
[wait pre-search] seq=10 addr_off=0x1518 expect=0x8000000a timeout=-1 wait64=0
[wait enter] seq=10 tid=1 addr_off=0x1518
[wait armed] seq=10 addr_off=0x1518 waiters=1
[mtx_unlock after swap] m=0x1514 lock=0x0 own=0 self=0x404 tid=1073741823 cont=-2147483638
[notify enter] seq=13 addr_off=0x1518 count=1
[notify hit]   seq=13 addr_off=0x1518 waiters=1
[notify exit]  seq=13 addr_off=0x1518 notified=1
[wait exit]  seq=10 addr_off=0x1518 result=notified
[mtx_unlock after notify] m=0x1514 lock=0x0 own=0 self=0x404 tid=1073741823
[wait pre-search] seq=11 addr_off=0x14cc expect=0x7fffffff timeout=-1 wait64=0
[wait enter] seq=11 tid=1 addr_off=0x14cc
[wait skip]  seq=11 addr_off=0x14cc reason=no_wait
[notify enter] seq=14 addr_off=0x14cc count=1
[notify miss]  seq=14 addr_off=0x14cc reason=no_wait_info
[timedlock exit ] m=0x1514 lock=0x0 own=0 self=0x21bc4 tid=1 ret=0
[notify enter] seq=15 addr_off=0x14cc count=1
[notify miss]  seq=15 addr_off=0x14cc reason=no_wait_info
[trylock normal set] m=0x1514 old=0x0 new=0xa own=10, tid=1
[mtx_lock after ] m=0x1514 lock=0xa own=10 self=0x21bc4 tid=1 waiters=0 count=0 ret=0
[mtx_lock before] m=0x1514 lock=0xa own=10 self=0x404 tid=1073741823 waiters=0 count=0
[timedlock enter] m=0x1514 lock=0xa own=10 self=0x404 tid=1073741823 type=0
[wait pre-search] seq=12 addr_off=0x1518 expect=0x8000000a timeout=-1 wait64=0
[wait enter] seq=12 tid=-1 addr_off=0x1518
[wait armed] seq=12 addr_off=0x1518 waiters=1
[mtx_unlock after swap] m=0x1514 lock=0x0 own=0 self=0x21bc4 tid=1 cont=-2147483638
[notify enter] seq=16 addr_off=0x1518 count=1
[notify hit]   seq=16 addr_off=0x1518 waiters=1
[notify exit]  seq=16 addr_off=0x1518 notified=1
[wait exit]  seq=12 addr_off=0x1518 result=notified
[mtx_unlock after notify] m=0x1514 lock=0x0 own=0 self=0x21bc4 tid=1
[wait pre-search] seq=13 addr_off=0x14cc expect=0x40000001 timeout=-1 wait64=0
[wait enter] seq=13 tid=-1 addr_off=0x14cc
[wait skip]  seq=13 addr_off=0x14cc reason=no_wait
[notify enter] seq=17 addr_off=0x14cc count=1
[notify miss]  seq=17 addr_off=0x14cc reason=no_wait_info
[timedlock exit ] m=0x1514 lock=0x0 own=0 self=0x404 tid=1073741823 ret=0
[notify enter] seq=18 addr_off=0x14cc count=1
[notify miss]  seq=18 addr_off=0x14cc reason=no_wait_info
[trylock normal set] m=0x1514 old=0x0 new=0xa own=10, tid=1073741823
[mtx_lock after ] m=0x1514 lock=0xa own=10 self=0x404 tid=1073741823 waiters=0 count=0 ret=0
[mtx_lock before] m=0x1514 lock=0xa own=10 self=0x21bc4 tid=1 waiters=0 count=0
[timedlock enter] m=0x1514 lock=0xa own=10 self=0x21bc4 tid=1 type=0
[wait pre-search] seq=14 addr_off=0x1518 expect=0x8000000a timeout=-1 wait64=0
[wait enter] seq=14 tid=1 addr_off=0x1518
[wait armed] seq=14 addr_off=0x1518 waiters=1
[mtx_unlock after swap] m=0x1514 lock=0x0 own=0 self=0x404 tid=1073741823 cont=-2147483638
[notify enter] seq=19 addr_off=0x1518 count=1
[notify hit]   seq=19 addr_off=0x1518 waiters=1
[notify exit]  seq=19 addr_off=0x1518 notified=1
[wait exit]  seq=14 addr_off=0x1518 result=notified
[mtx_unlock after notify] m=0x1514 lock=0x0 own=0 self=0x404 tid=1073741823
[notify enter] seq=20 addr_off=0x14cc count=1
[notify miss]  seq=20 addr_off=0x14cc reason=no_wait_info
[timedlock exit ] m=0x1514 lock=0x0 own=0 self=0x21bc4 tid=1 ret=0
[notify enter] seq=21 addr_off=0x14cc count=1
[notify miss]  seq=21 addr_off=0x14cc reason=no_wait_info
[trylock normal set] m=0x1514 old=0x0 new=0xa own=10, tid=1
[mtx_lock after ] m=0x1514 lock=0xa own=10 self=0x21bc4 tid=1 waiters=0 count=0 ret=0
[mtx_lock before] m=0x1514 lock=0xa own=10 self=0x404 tid=1073741823 waiters=0 count=0
[timedlock enter] m=0x1514 lock=0xa own=10 self=0x404 tid=1073741823 type=0
[wait pre-search] seq=15 addr_off=0x1518 expect=0x8000000a timeout=-1 wait64=0
[wait enter] seq=15 tid=-1 addr_off=0x1518
[wait armed] seq=15 addr_off=0x1518 waiters=1
[mtx_unlock after swap] m=0x1514 lock=0x0 own=0 self=0x21bc4 tid=1 cont=-2147483638
[notify enter] seq=22 addr_off=0x1518 count=1
[notify hit]   seq=22 addr_off=0x1518 waiters=1
[notify exit]  seq=22 addr_off=0x1518 notified=1
[wait exit]  seq=15 addr_off=0x1518 result=notified
[mtx_unlock after notify] m=0x1514 lock=0x0 own=0 self=0x21bc4 tid=1
[timedlock exit ] m=0x1514 lock=0x0 own=0 self=0x404 tid=1073741823 ret=0
[trylock normal set] m=0x1514 old=0x0 new=0xa own=10, tid=1073741823
[mtx_lock after ] m=0x1514 lock=0xa own=10 self=0x404 tid=1073741823 waiters=0 count=0 ret=0
[mtx_lock before] m=0x1514 lock=0xa own=10 self=0x21bc4 tid=1 waiters=0 count=0
[timedlock enter] m=0x1514 lock=0xa own=10 self=0x21bc4 tid=1 type=0
[wait pre-search] seq=16 addr_off=0x1518 expect=0x8000000a timeout=-1 wait64=0
[wait enter] seq=16 tid=1 addr_off=0x1518
[wait armed] seq=16 addr_off=0x1518 waiters=1
[mtx_unlock after swap] m=0x1514 lock=0x0 own=0 self=0x404 tid=1073741823 cont=-2147483638
[notify enter] seq=23 addr_off=0x1518 count=1
[notify hit]   seq=23 addr_off=0x1518 waiters=1
[notify exit]  seq=23 addr_off=0x1518 notified=1
[wait exit]  seq=16 addr_off=0x1518 result=notified
[mtx_unlock after notify] m=0x1514 lock=0x0 own=0 self=0x404 tid=1073741823
[timedlock exit ] m=0x1514 lock=0x0 own=0 self=0x21bc4 tid=1 ret=0
[trylock normal set] m=0x1514 old=0x0 new=0xa own=10, tid=1
[mtx_lock after ] m=0x1514 lock=0xa own=10 self=0x21bc4 tid=1 waiters=0 count=0 ret=0
[mtx_lock before] m=0x1514 lock=0xa own=10 self=0x404 tid=1073741823 waiters=0 count=0
[timedlock enter] m=0x1514 lock=0xa own=10 self=0x404 tid=1073741823 type=0
[wait pre-search] seq=17 addr_off=0x1518 expect=0x8000000a timeout=-1 wait64=0
[wait enter] seq=17 tid=-1 addr_off=0x1518
[wait armed] seq=17 addr_off=0x1518 waiters=1
[mtx_unlock after swap] m=0x1514 lock=0x0 own=0 self=0x21bc4 tid=1 cont=-2147483638
[notify enter] seq=24 addr_off=0x1518 count=1
[notify hit]   seq=24 addr_off=0x1518 waiters=1
[notify exit]  seq=24 addr_off=0x1518 notified=1
[wait exit]  seq=17 addr_off=0x1518 result=notified
[mtx_unlock after notify] m=0x1514 lock=0x0 own=0 self=0x21bc4 tid=1
[notify enter] seq=25 addr_off=0x14cc count=1
[notify miss]  seq=25 addr_off=0x14cc reason=no_wait_info
[wait pre-search] seq=18 addr_off=0x14cc expect=0x40000001 timeout=-1 wait64=0
[wait enter] seq=18 tid=-1 addr_off=0x14cc
[wait skip]  seq=18 addr_off=0x14cc reason=no_wait
[timedlock exit ] m=0x1514 lock=0x0 own=0 self=0x404 tid=1073741823 ret=0
[notify enter] seq=26 addr_off=0x14cc count=1
[notify miss]  seq=26 addr_off=0x14cc reason=no_wait_info
[trylock normal set] m=0x1514 old=0x0 new=0xa own=10, tid=1073741823
[mtx_lock after ] m=0x1514 lock=0xa own=10 self=0x404 tid=1073741823 waiters=0 count=0 ret=0
[mtx_lock before] m=0x1514 lock=0xa own=10 self=0x21bc4 tid=1 waiters=0 count=0
[timedlock enter] m=0x1514 lock=0xa own=10 self=0x21bc4 tid=1 type=0
[wait pre-search] seq=19 addr_off=0x1518 expect=0x8000000a timeout=-1 wait64=0
[wait enter] seq=19 tid=1 addr_off=0x1518
[wait armed] seq=19 addr_off=0x1518 waiters=1
[mtx_unlock after swap] m=0x1514 lock=0x0 own=0 self=0x404 tid=1073741823 cont=-2147483638
[notify enter] seq=27 addr_off=0x1518 count=1
[notify hit]   seq=27 addr_off=0x1518 waiters=1
[notify exit]  seq=27 addr_off=0x1518 notified=1
[wait exit]  seq=19 addr_off=0x1518 result=notified
[mtx_unlock after notify] m=0x1514 lock=0x0 own=0 self=0x404 tid=1073741823
[notify enter] seq=28 addr_off=0x14cc count=1
[notify miss]  seq=28 addr_off=0x14cc reason=no_wait_info
[timedlock exit ] m=0x1514 lock=0x0 own=0 self=0x21bc4 tid=1 ret=0
[notify enter] seq=29 addr_off=0x14cc count=1
[notify miss]  seq=29 addr_off=0x14cc reason=no_wait_info
[trylock normal set] m=0x1514 old=0x0 new=0xa own=10, tid=1
[mtx_lock after ] m=0x1514 lock=0xa own=10 self=0x21bc4 tid=1 waiters=0 count=0 ret=0
[mtx_lock before] m=0x1514 lock=0xa own=10 self=0x404 tid=1073741823 waiters=0 count=0
[timedlock enter] m=0x1514 lock=0xa own=10 self=0x404 tid=1073741823 type=0
[wait pre-search] seq=20 addr_off=0x1518 expect=0x8000000a timeout=-1 wait64=0
[wait enter] seq=20 tid=-1 addr_off=0x1518
[wait armed] seq=20 addr_off=0x1518 waiters=1
[mtx_unlock after swap] m=0x1514 lock=0x0 own=0 self=0x21bc4 tid=1 cont=-2147483638
[notify enter] seq=30 addr_off=0x1518 count=1
[notify hit]   seq=30 addr_off=0x1518 waiters=1
[notify exit]  seq=30 addr_off=0x1518 notified=1
[wait exit]  seq=20 addr_off=0x1518 result=notified
[mtx_unlock after notify] m=0x1514 lock=0x0 own=0 self=0x21bc4 tid=1
[timedlock exit ] m=0x1514 lock=0x0 own=0 self=0x404 tid=1073741823 ret=0
[trylock normal set] m=0x1514 old=0x0 new=0xa own=10, tid=1073741823
[mtx_lock after ] m=0x1514 lock=0xa own=10 self=0x404 tid=1073741823 waiters=0 count=0 ret=0
[mtx_lock before] m=0x1514 lock=0xa own=10 self=0x21bc4 tid=1 waiters=0 count=0
[timedlock enter] m=0x1514 lock=0xa own=10 self=0x21bc4 tid=1 type=0
[wait pre-search] seq=21 addr_off=0x1518 expect=0x8000000a timeout=-1 wait64=0
[wait enter] seq=21 tid=1 addr_off=0x1518
[wait armed] seq=21 addr_off=0x1518 waiters=1
[mtx_unlock after swap] m=0x1514 lock=0x0 own=0 self=0x404 tid=1073741823 cont=-2147483638
[notify enter] seq=31 addr_off=0x1518 count=1
[notify hit]   seq=31 addr_off=0x1518 waiters=1
[notify exit]  seq=31 addr_off=0x1518 notified=1
[wait exit]  seq=21 addr_off=0x1518 result=notified
[mtx_unlock after notify] m=0x1514 lock=0x0 own=0 self=0x404 tid=1073741823
[timedlock exit ] m=0x1514 lock=0x0 own=0 self=0x21bc4 tid=1 ret=0
[trylock normal set] m=0x1514 old=0x0 new=0xa own=10, tid=1
[mtx_lock after ] m=0x1514 lock=0xa own=10 self=0x21bc4 tid=1 waiters=0 count=0 ret=0
[mtx_lock before] m=0x1514 lock=0xa own=10 self=0x404 tid=1073741823 waiters=0 count=0
[timedlock enter] m=0x1514 lock=0xa own=10 self=0x404 tid=1073741823 type=0
[wait pre-search] seq=22 addr_off=0x1518 expect=0x8000000a timeout=-1 wait64=0
[wait enter] seq=22 tid=-1 addr_off=0x1518
[wait armed] seq=22 addr_off=0x1518 waiters=1
[mtx_unlock after swap] m=0x1514 lock=0x0 own=0 self=0x21bc4 tid=1 cont=-2147483638
[notify enter] seq=32 addr_off=0x1518 count=1
[notify hit]   seq=32 addr_off=0x1518 waiters=1
[notify exit]  seq=32 addr_off=0x1518 notified=1
[wait exit]  seq=22 addr_off=0x1518 result=notified
[mtx_unlock after notify] m=0x1514 lock=0x0 own=0 self=0x21bc4 tid=1
[timedlock exit ] m=0x1514 lock=0x0 own=0 self=0x404 tid=1073741823 ret=0
[trylock normal set] m=0x1514 old=0x0 new=0xa own=10, tid=1073741823
[mtx_lock after ] m=0x1514 lock=0xa own=10 self=0x404 tid=1073741823 waiters=0 count=0 ret=0
[mtx_lock before] m=0x1514 lock=0xa own=10 self=0x21bc4 tid=1 waiters=0 count=0
[timedlock enter] m=0x1514 lock=0xa own=10 self=0x21bc4 tid=1 type=0
[wait pre-search] seq=23 addr_off=0x1518 expect=0x8000000a timeout=-1 wait64=0
[wait enter] seq=23 tid=1 addr_off=0x1518
[wait armed] seq=23 addr_off=0x1518 waiters=1
[mtx_unlock after swap] m=0x1514 lock=0x0 own=0 self=0x404 tid=1073741823 cont=-2147483638
[notify enter] seq=33 addr_off=0x1518 count=1
[notify hit]   seq=33 addr_off=0x1518 waiters=1
[notify exit]  seq=33 addr_off=0x1518 notified=1
[wait exit]  seq=23 addr_off=0x1518 result=notified
[mtx_unlock after notify] m=0x1514 lock=0x0 own=0 self=0x404 tid=1073741823
[timedlock exit ] m=0x1514 lock=0x0 own=0 self=0x21bc4 tid=1 ret=0
[trylock normal set] m=0x1514 old=0x0 new=0xa own=10, tid=1
[mtx_lock after ] m=0x1514 lock=0xa own=10 self=0x21bc4 tid=1 waiters=0 count=0 ret=0
[mtx_lock before] m=0x1514 lock=0xa own=10 self=0x404 tid=1073741823 waiters=0 count=0
[timedlock enter] m=0x1514 lock=0xa own=10 self=0x404 tid=1073741823 type=0
[wait pre-search] seq=24 addr_off=0x1518 expect=0x8000000a timeout=-1 wait64=0
[wait enter] seq=24 tid=-1 addr_off=0x1518
[wait armed] seq=24 addr_off=0x1518 waiters=1
[mtx_unlock after swap] m=0x1514 lock=0x0 own=0 self=0x21bc4 tid=1 cont=-2147483638
[notify enter] seq=34 addr_off=0x1518 count=1
[notify hit]   seq=34 addr_off=0x1518 waiters=1
[notify exit]  seq=34 addr_off=0x1518 notified=1
[wait exit]  seq=24 addr_off=0x1518 result=notified
[mtx_unlock after notify] m=0x1514 lock=0x0 own=0 self=0x21bc4 tid=1
[timedlock exit ] m=0x1514 lock=0x0 own=0 self=0x404 tid=1073741823 ret=0
[trylock normal set] m=0x1514 old=0x0 new=0xa own=10, tid=1073741823
[mtx_lock after ] m=0x1514 lock=0xa own=10 self=0x404 tid=1073741823 waiters=0 count=0 ret=0
[mtx_lock before] m=0x1514 lock=0xa own=10 self=0x21bc4 tid=1 waiters=0 count=0
[timedlock enter] m=0x1514 lock=0xa own=10 self=0x21bc4 tid=1 type=0
[wait pre-search] seq=25 addr_off=0x1518 expect=0x8000000a timeout=-1 wait64=0
[wait enter] seq=25 tid=1 addr_off=0x1518
[wait armed] seq=25 addr_off=0x1518 waiters=1
[mtx_unlock after swap] m=0x1514 lock=0x0 own=0 self=0x404 tid=1073741823 cont=-2147483638
[notify enter] seq=35 addr_off=0x1518 count=1
[notify hit]   seq=35 addr_off=0x1518 waiters=1
[notify exit]  seq=35 addr_off=0x1518 notified=1
[wait exit]  seq=25 addr_off=0x1518 result=notified
[mtx_unlock after notify] m=0x1514 lock=0x0 own=0 self=0x404 tid=1073741823
[timedlock exit ] m=0x1514 lock=0x0 own=0 self=0x21bc4 tid=1 ret=0
[notify enter] seq=36 addr_off=0x14cc count=1
[notify miss]  seq=36 addr_off=0x14cc reason=no_wait_info
[trylock normal set] m=0x1514 old=0x0 new=0xa own=10, tid=1
[mtx_lock after ] m=0x1514 lock=0xa own=10 self=0x21bc4 tid=1 waiters=0 count=0 ret=0
[mtx_lock before] m=0x1514 lock=0xa own=10 self=0x404 tid=1073741823 waiters=0 count=0
[timedlock enter] m=0x1514 lock=0xa own=10 self=0x404 tid=1073741823 type=0
[wait pre-search] seq=26 addr_off=0x1518 expect=0x8000000a timeout=-1 wait64=0
[wait enter] seq=26 tid=-1 addr_off=0x1518
[wait armed] seq=26 addr_off=0x1518 waiters=1
[mtx_unlock after swap] m=0x1514 lock=0x0 own=0 self=0x21bc4 tid=1 cont=-2147483638
[notify enter] seq=37 addr_off=0x1518 count=1
[notify hit]   seq=37 addr_off=0x1518 waiters=1
[notify exit]  seq=37 addr_off=0x1518 notified=1
[wait exit]  seq=26 addr_off=0x1518 result=notified
[mtx_unlock after notify] m=0x1514 lock=0x0 own=0 self=0x21bc4 tid=1
[timedlock exit ] m=0x1514 lock=0x0 own=0 self=0x404 tid=1073741823 ret=0
[trylock normal set] m=0x1514 old=0x0 new=0xa own=10, tid=1073741823
[mtx_lock after ] m=0x1514 lock=0xa own=10 self=0x404 tid=1073741823 waiters=0 count=0 ret=0
[mtx_lock before] m=0x1514 lock=0xa own=10 self=0x21bc4 tid=1 waiters=0 count=0
[timedlock enter] m=0x1514 lock=0xa own=10 self=0x21bc4 tid=1 type=0
[wait pre-search] seq=27 addr_off=0x1518 expect=0x8000000a timeout=-1 wait64=0
[wait enter] seq=27 tid=1 addr_off=0x1518
[wait armed] seq=27 addr_off=0x1518 waiters=1
[mtx_unlock after swap] m=0x1514 lock=0x0 own=0 self=0x404 tid=1073741823 cont=-2147483638
[notify enter] seq=38 addr_off=0x1518 count=1
[notify hit]   seq=38 addr_off=0x1518 waiters=1
[notify exit]  seq=38 addr_off=0x1518 notified=1
[wait exit]  seq=27 addr_off=0x1518 result=notified
[mtx_unlock after notify] m=0x1514 lock=0x0 own=0 self=0x404 tid=1073741823
[timedlock exit ] m=0x1514 lock=0x0 own=0 self=0x21bc4 tid=1 ret=0
[trylock normal set] m=0x1514 old=0x0 new=0xa own=10, tid=1
[mtx_lock after ] m=0x1514 lock=0xa own=10 self=0x21bc4 tid=1 waiters=0 count=0 ret=0
[mtx_lock before] m=0x1514 lock=0xa own=10 self=0x404 tid=1073741823 waiters=0 count=0
[timedlock enter] m=0x1514 lock=0xa own=10 self=0x404 tid=1073741823 type=0
[wait pre-search] seq=28 addr_off=0x1518 expect=0x8000000a timeout=-1 wait64=0
[wait enter] seq=28 tid=-1 addr_off=0x1518
[wait armed] seq=28 addr_off=0x1518 waiters=1
[mtx_unlock after swap] m=0x1514 lock=0x0 own=0 self=0x21bc4 tid=1 cont=-2147483638
[notify enter] seq=39 addr_off=0x1518 count=1
[notify hit]   seq=39 addr_off=0x1518 waiters=1
[notify exit]  seq=39 addr_off=0x1518 notified=1
[wait exit]  seq=28 addr_off=0x1518 result=notified
[mtx_unlock after notify] m=0x1514 lock=0x0 own=0 self=0x21bc4 tid=1
[timedlock exit ] m=0x1514 lock=0x0 own=0 self=0x404 tid=1073741823 ret=0
[trylock normal set] m=0x1514 old=0x0 new=0xa own=10, tid=1073741823
[mtx_lock after ] m=0x1514 lock=0xa own=10 self=0x404 tid=1073741823 waiters=0 count=0 ret=0
[mtx_lock before] m=0x1514 lock=0xa own=10 self=0x21bc4 tid=1 waiters=0 count=0
[timedlock enter] m=0x1514 lock=0xa own=10 self=0x21bc4 tid=1 type=0
[wait pre-search] seq=29 addr_off=0x1518 expect=0x8000000a timeout=-1 wait64=0
[wait enter] seq=29 tid=1 addr_off=0x1518
[wait armed] seq=29 addr_off=0x1518 waiters=1
[mtx_unlock after swap] m=0x1514 lock=0x0 own=0 self=0x404 tid=1073741823 cont=-2147483638
[notify enter] seq=40 addr_off=0x1518 count=1
[notify hit]   seq=40 addr_off=0x1518 waiters=1
[notify exit]  seq=40 addr_off=0x1518 notified=1
[wait exit]  seq=29 addr_off=0x1518 result=notified
[mtx_unlock after notify] m=0x1514 lock=0x0 own=0 self=0x404 tid=1073741823
[timedlock exit ] m=0x1514 lock=0x0 own=0 self=0x21bc4 tid=1 ret=0
[trylock normal set] m=0x1514 old=0x0 new=0xa own=10, tid=1
[mtx_lock after ] m=0x1514 lock=0xa own=10 self=0x21bc4 tid=1 waiters=0 count=0 ret=0
[mtx_lock before] m=0x1514 lock=0xa own=10 self=0x404 tid=1073741823 waiters=0 count=0
[timedlock enter] m=0x1514 lock=0xa own=10 self=0x404 tid=1073741823 type=0
[wait pre-search] seq=30 addr_off=0x1518 expect=0x8000000a timeout=-1 wait64=0
[wait enter] seq=30 tid=-1 addr_off=0x1518
[wait armed] seq=30 addr_off=0x1518 waiters=1
[mtx_unlock after swap] m=0x1514 lock=0x0 own=0 self=0x21bc4 tid=1 cont=-2147483638
[notify enter] seq=41 addr_off=0x1518 count=1
[notify hit]   seq=41 addr_off=0x1518 waiters=1
[notify exit]  seq=41 addr_off=0x1518 notified=1
[wait exit]  seq=30 addr_off=0x1518 result=notified
[mtx_unlock after notify] m=0x1514 lock=0x0 own=0 self=0x21bc4 tid=1
[timedlock exit ] m=0x1514 lock=0x0 own=0 self=0x404 tid=1073741823 ret=0
[trylock normal set] m=0x1514 old=0x0 new=0xa own=10, tid=1073741823
[mtx_lock after ] m=0x1514 lock=0xa own=10 self=0x404 tid=1073741823 waiters=0 count=0 ret=0
[mtx_lock before] m=0x1514 lock=0xa own=10 self=0x21bc4 tid=1 waiters=0 count=0
[timedlock enter] m=0x1514 lock=0xa own=10 self=0x21bc4 tid=1 type=0
[wait pre-search] seq=31 addr_off=0x1518 expect=0x8000000a timeout=-1 wait64=0
[wait enter] seq=31 tid=1 addr_off=0x1518
[wait armed] seq=31 addr_off=0x1518 waiters=1
[mtx_unlock after swap] m=0x1514 lock=0x0 own=0 self=0x404 tid=1073741823 cont=-2147483638
[notify enter] seq=42 addr_off=0x1518 count=1
[notify hit]   seq=42 addr_off=0x1518 waiters=1
[notify exit]  seq=42 addr_off=0x1518 notified=1
[wait exit]  seq=31 addr_off=0x1518 result=notified
[mtx_unlock after notify] m=0x1514 lock=0x0 own=0 self=0x404 tid=1073741823
[notify enter] seq=43 addr_off=0x14cc count=1
[notify miss]  seq=43 addr_off=0x14cc reason=no_wait_info
[timedlock exit ] m=0x1514 lock=0x0 own=0 self=0x21bc4 tid=1 ret=0
[notify enter] seq=44 addr_off=0x14cc count=1
[notify miss]  seq=44 addr_off=0x14cc reason=no_wait_info
[trylock normal set] m=0x1514 old=0x0 new=0xa own=10, tid=1
[mtx_lock after ] m=0x1514 lock=0xa own=10 self=0x21bc4 tid=1 waiters=0 count=0 ret=0
[mtx_lock before] m=0x1514 lock=0xa own=10 self=0x404 tid=1073741823 waiters=0 count=0
[timedlock enter] m=0x1514 lock=0xa own=10 self=0x404 tid=1073741823 type=0
[wait pre-search] seq=32 addr_off=0x1518 expect=0x8000000a timeout=-1 wait64=0
[wait enter] seq=32 tid=-1 addr_off=0x1518
[wait armed] seq=32 addr_off=0x1518 waiters=1
[mtx_unlock after swap] m=0x1514 lock=0x0 own=0 self=0x21bc4 tid=1 cont=-2147483638
[notify enter] seq=45 addr_off=0x1518 count=1
[notify hit]   seq=45 addr_off=0x1518 waiters=1
[notify exit]  seq=45 addr_off=0x1518 notified=1
[wait exit]  seq=32 addr_off=0x1518 result=notified
[mtx_unlock after notify] m=0x1514 lock=0x0 own=0 self=0x21bc4 tid=1
[notify enter] seq=46 addr_off=0x14cc count=1
[notify miss]  seq=46 addr_off=0x14cc reason=no_wait_info
[timedlock exit ] m=0x1514 lock=0x0 own=0 self=0x404 tid=1073741823 ret=0
[notify enter] seq=47 addr_off=0x14cc count=1
[notify miss]  seq=47 addr_off=0x14cc reason=no_wait_info
[trylock normal set] m=0x1514 old=0x0 new=0xa own=10, tid=1073741823
[mtx_lock after ] m=0x1514 lock=0xa own=10 self=0x404 tid=1073741823 waiters=0 count=0 ret=0
[mtx_lock before] m=0x1514 lock=0xa own=10 self=0x21bc4 tid=1 waiters=0 count=0
[timedlock enter] m=0x1514 lock=0xa own=10 self=0x21bc4 tid=1 type=0
[wait pre-search] seq=33 addr_off=0x1518 expect=0x8000000a timeout=-1 wait64=0
[wait enter] seq=33 tid=1 addr_off=0x1518
[wait armed] seq=33 addr_off=0x1518 waiters=1
[mtx_unlock after swap] m=0x1514 lock=0x0 own=0 self=0x404 tid=1073741823 cont=-2147483638
[notify enter] seq=48 addr_off=0x1518 count=1
[notify hit]   seq=48 addr_off=0x1518 waiters=1
[notify exit]  seq=48 addr_off=0x1518 notified=1
[wait exit]  seq=33 addr_off=0x1518 result=notified
[mtx_unlock after notify] m=0x1514 lock=0x0 own=0 self=0x404 tid=1073741823
[wait pre-search] seq=34 addr_off=0x14cc expect=0x7fffffff timeout=-1 wait64=0
[wait enter] seq=34 tid=1 addr_off=0x14cc
[wait skip]  seq=34 addr_off=0x14cc reason=no_wait
[notify enter] seq=49 addr_off=0x14cc count=1
[notify miss]  seq=49 addr_off=0x14cc reason=no_wait_info
[timedlock exit ] m=0x1514 lock=0x0 own=0 self=0x21bc4 tid=1 ret=0
[notify enter] seq=50 addr_off=0x14cc count=1
[notify miss]  seq=50 addr_off=0x14cc reason=no_wait_info
[trylock normal set] m=0x1514 old=0x0 new=0xa own=10, tid=1
[mtx_lock after ] m=0x1514 lock=0xa own=10 self=0x21bc4 tid=1 waiters=0 count=0 ret=0
[mtx_lock before] m=0x1514 lock=0xa own=10 self=0x404 tid=1073741823 waiters=0 count=0
[timedlock enter] m=0x1514 lock=0xa own=10 self=0x404 tid=1073741823 type=0
[wait pre-search] seq=35 addr_off=0x1518 expect=0x8000000a timeout=-1 wait64=0
[wait enter] seq=35 tid=-1 addr_off=0x1518
[wait armed] seq=35 addr_off=0x1518 waiters=1
[mtx_unlock after swap] m=0x1514 lock=0x0 own=0 self=0x21bc4 tid=1 cont=-2147483638
[notify enter] seq=51 addr_off=0x1518 count=1
[notify hit]   seq=51 addr_off=0x1518 waiters=1
[notify exit]  seq=51 addr_off=0x1518 notified=1
[wait exit]  seq=35 addr_off=0x1518 result=notified
[mtx_unlock after notify] m=0x1514 lock=0x0 own=0 self=0x21bc4 tid=1
[timedlock exit ] m=0x1514 lock=0x0 own=0 self=0x404 tid=1073741823 ret=0
[trylock normal set] m=0x1514 old=0x0 new=0xa own=10, tid=1073741823
[mtx_lock after ] m=0x1514 lock=0xa own=10 self=0x404 tid=1073741823 waiters=0 count=0 ret=0
[mtx_lock before] m=0x1514 lock=0xa own=10 self=0x21bc4 tid=1 waiters=0 count=0
[timedlock enter] m=0x1514 lock=0xa own=10 self=0x21bc4 tid=1 type=0
[wait pre-search] seq=36 addr_off=0x1518 expect=0x8000000a timeout=-1 wait64=0
[wait enter] seq=36 tid=1 addr_off=0x1518
[wait armed] seq=36 addr_off=0x1518 waiters=1
[mtx_unlock after swap] m=0x1514 lock=0x0 own=0 self=0x404 tid=1073741823 cont=-2147483638
[notify enter] seq=52 addr_off=0x1518 count=1
[notify hit]   seq=52 addr_off=0x1518 waiters=1
[notify exit]  seq=52 addr_off=0x1518 notified=1
[wait exit]  seq=36 addr_off=0x1518 result=notified
[wait pre-search] seq=37 addr_off=0x14cc expect=0x7fffffff timeout=-1 wait64=0
[mtx_unlock after notify] m=0x1514 lock=0x0 own=0 self=0x404 tid=1073741823
[wait enter] seq=37 tid=1 addr_off=0x14cc
[wait skip]  seq=37 addr_off=0x14cc reason=no_wait
[notify enter] seq=53 addr_off=0x14cc count=1
[notify miss]  seq=53 addr_off=0x14cc reason=no_wait_info
[timedlock exit ] m=0x1514 lock=0x0 own=0 self=0x21bc4 tid=1 ret=0
[notify enter] seq=54 addr_off=0x14cc count=1
[notify miss]  seq=54 addr_off=0x14cc reason=no_wait_info
[trylock normal set] m=0x1514 old=0x0 new=0xa own=10, tid=1
[mtx_lock after ] m=0x1514 lock=0xa own=10 self=0x21bc4 tid=1 waiters=0 count=0 ret=0
[mtx_lock before] m=0x1514 lock=0xa own=10 self=0x404 tid=1073741823 waiters=0 count=0
[timedlock enter] m=0x1514 lock=0xa own=10 self=0x404 tid=1073741823 type=0
[wait pre-search] seq=38 addr_off=0x1518 expect=0x8000000a timeout=-1 wait64=0
[wait enter] seq=38 tid=-1 addr_off=0x1518
[wait armed] seq=38 addr_off=0x1518 waiters=1
[mtx_unlock after swap] m=0x1514 lock=0x0 own=0 self=0x21bc4 tid=1 cont=-2147483638
[notify enter] seq=55 addr_off=0x1518 count=1
[notify hit]   seq=55 addr_off=0x1518 waiters=1
[notify exit]  seq=55 addr_off=0x1518 notified=1
[wait exit]  seq=38 addr_off=0x1518 result=notified
[mtx_unlock after notify] m=0x1514 lock=0x0 own=0 self=0x21bc4 tid=1
[timedlock exit ] m=0x1514 lock=0x0 own=0 self=0x404 tid=1073741823 ret=0
[trylock normal set] m=0x1514 old=0x0 new=0xa own=10, tid=1073741823
[mtx_lock after ] m=0x1514 lock=0xa own=10 self=0x404 tid=1073741823 waiters=0 count=0 ret=0
[mtx_lock before] m=0x1514 lock=0xa own=10 self=0x21bc4 tid=1 waiters=0 count=0
[timedlock enter] m=0x1514 lock=0xa own=10 self=0x21bc4 tid=1 type=0
[wait pre-search] seq=39 addr_off=0x1518 expect=0x8000000a timeout=-1 wait64=0
[wait enter] seq=39 tid=1 addr_off=0x1518
[wait armed] seq=39 addr_off=0x1518 waiters=1
トータルスレッド数：2, 待機中スレッド数：1
======waitしているスレッド一覧をダンプします========
======waiting threadを起こします=========
[wait exit]  seq=39 addr_off=0x1518 result=notified
all waiting threads wake up!! checkpointing count: 2
======start checkpoint========
1-memory, 241
1-global, 138564
1-program counter, 37491
1-stack, 1107117
1-thread attrs, 32642
main-memory, 1488022
main-global, 98138
main-program counter, 70935
main-stack, 398438
main-thread attrs, 55625
========all waiting threads check pointed!! count: 2===========
